{
  "RSpec": {
    "coverage": {
      "/Users/susanwere/Desktop/Projects/RubyOnRails/twitter-lite-backend/config/environment.rb": [
        null,
        1,
        null,
        null,
        1
      ],
      "/Users/susanwere/Desktop/Projects/RubyOnRails/twitter-lite-backend/config/application.rb": [
        1,
        null,
        1,
        null,
        1,
        1,
        1,
        1,
        1,
        1,
        1,
        null,
        null,
        null,
        null,
        null,
        1,
        null,
        1,
        1,
        null,
        null,
        null,
        null,
        null,
        null,
        null,
        1,
        null,
        null
      ],
      "/Users/susanwere/Desktop/Projects/RubyOnRails/twitter-lite-backend/config/boot.rb": [
        1,
        null,
        1
      ],
      "/Users/susanwere/Desktop/Projects/RubyOnRails/twitter-lite-backend/config/environments/development.rb": [
        1,
        null,
        null,
        null,
        null,
        null,
        1,
        null,
        null,
        1,
        null,
        null,
        1,
        null,
        null,
        1,
        0,
        null,
        0,
        0,
        null,
        null,
        null,
        1,
        null,
        1,
        null,
        null,
        null,
        1,
        null,
        1,
        null,
        null,
        1,
        null,
        null,
        1,
        null,
        null,
        null,
        null,
        null,
        null,
        null,
        1,
        null
      ],
      "/Users/susanwere/Desktop/Projects/RubyOnRails/twitter-lite-backend/config/initializers/application_controller_renderer.rb": [
        null,
        null,
        null,
        null,
        null,
        null,
        null,
        null
      ],
      "/Users/susanwere/Desktop/Projects/RubyOnRails/twitter-lite-backend/config/initializers/backtrace_silencers.rb": [
        null,
        null,
        null,
        null,
        null,
        null,
        null
      ],
      "/Users/susanwere/Desktop/Projects/RubyOnRails/twitter-lite-backend/config/initializers/cors.rb": [
        null,
        null,
        null,
        null,
        null,
        null,
        null,
        null,
        null,
        null,
        null,
        null,
        null,
        null,
        null,
        null
      ],
      "/Users/susanwere/Desktop/Projects/RubyOnRails/twitter-lite-backend/config/initializers/filter_parameter_logging.rb": [
        null,
        null,
        null,
        1
      ],
      "/Users/susanwere/Desktop/Projects/RubyOnRails/twitter-lite-backend/config/initializers/inflections.rb": [
        null,
        null,
        null,
        null,
        null,
        null,
        null,
        null,
        null,
        null,
        null,
        null,
        null,
        null,
        null,
        null
      ],
      "/Users/susanwere/Desktop/Projects/RubyOnRails/twitter-lite-backend/config/initializers/mime_types.rb": [
        null,
        null,
        null,
        null
      ],
      "/Users/susanwere/Desktop/Projects/RubyOnRails/twitter-lite-backend/config/initializers/new_framework_defaults.rb": [
        null,
        null,
        null,
        null,
        null,
        null,
        1,
        null,
        null,
        null,
        1,
        null,
        null,
        1,
        null,
        null,
        1,
        null,
        null,
        1
      ],
      "/Users/susanwere/Desktop/Projects/RubyOnRails/twitter-lite-backend/config/initializers/wrap_parameters.rb": [
        null,
        null,
        null,
        null,
        null,
        null,
        1,
        2,
        null,
        null,
        null,
        null,
        null,
        null
      ],
      "/Users/susanwere/Desktop/Projects/RubyOnRails/twitter-lite-backend/config/routes.rb": [
        1,
        null,
        null
      ],
      "/Users/susanwere/Desktop/Projects/RubyOnRails/twitter-lite-backend/spec/controllers/application_controller_spec.rb": [
        1,
        null,
        1,
        1,
        1,
        1,
        null,
        null,
        null,
        null
      ],
      "/Users/susanwere/Desktop/Projects/RubyOnRails/twitter-lite-backend/app/controllers/application_controller.rb": [
        1,
        1,
        1,
        null,
        null
      ]
    },
    "timestamp": 1555747485
  }
}
